<?xml version="1.0" encoding="UTF-8"?>
<robot generator="Robot 3.1.2 (Python 3.8.2 on win32)" generated="20200413 20:48:48.259" rpa="false">
<suite id="s1" name="Add Prdoucts toCart" source="C:\development\robot-scripts\ecommerce\tests\02__Add_Prdoucts_toCart.robot">
<test id="s1-t1" name="User enter &quot;product name&quot;">
<kw name="Begin Web Test" library="Common" type="setup">
<kw name="Open Browser" library="SeleniumLibrary">
<doc>Opens a new browser instance to the optional ``url``.</doc>
<arguments>
<arg>about:blank</arg>
<arg>${browser}</arg>
</arguments>
<msg timestamp="20200413 20:48:48.603" level="INFO">Opening browser 'edge' to base url 'about:blank'.</msg>
<status status="PASS" starttime="20200413 20:48:48.603" endtime="20200413 20:48:50.900"></status>
</kw>
<kw name="Maximize Browser Window" library="SeleniumLibrary">
<doc>Maximizes current browser window.</doc>
<status status="PASS" starttime="20200413 20:48:50.900" endtime="20200413 20:48:50.900"></status>
</kw>
<status status="PASS" starttime="20200413 20:48:48.603" endtime="20200413 20:48:50.900"></status>
</kw>
<kw name="&quot;Add Cart&quot; to product" library="ecommerceApp">
<kw name="Load" library="Common">
<kw name="Go To" library="SeleniumLibrary">
<doc>Navigates the current browser window to the provided ``url``.</doc>
<arguments>
<arg>${url}</arg>
</arguments>
<msg timestamp="20200413 20:48:50.915" level="INFO">Opening url 'https://demo.nopcommerce.com/'</msg>
<status status="PASS" starttime="20200413 20:48:50.915" endtime="20200413 20:48:52.556"></status>
</kw>
<status status="PASS" starttime="20200413 20:48:50.915" endtime="20200413 20:48:52.556"></status>
</kw>
<kw name="Enter &quot;First Product Name&quot;" library="HomePage">
<kw name="Input Text" library="SeleniumLibrary">
<doc>Types the given ``text`` into the text field identified by ``locator``.</doc>
<arguments>
<arg>${search_text_variable}</arg>
<arg>${first_product_name}</arg>
</arguments>
<msg timestamp="20200413 20:48:52.560" level="INFO">Typing text 'Apple MacBook Pro 13-inch' into text field 'id=small-searchterms'.</msg>
<status status="PASS" starttime="20200413 20:48:52.556" endtime="20200413 20:48:52.642"></status>
</kw>
<kw name="Sleep" library="BuiltIn">
<doc>Pauses the test executed for the given time.</doc>
<arguments>
<arg>2s</arg>
</arguments>
<msg timestamp="20200413 20:48:54.658" level="INFO">Slept 2 seconds</msg>
<status status="PASS" starttime="20200413 20:48:52.642" endtime="20200413 20:48:54.658"></status>
</kw>
<kw name="Click Button" library="SeleniumLibrary">
<doc>Clicks the button identified by ``locator``.</doc>
<arguments>
<arg>${search_button_variable}</arg>
</arguments>
<msg timestamp="20200413 20:48:54.658" level="INFO">Clicking button 'xpath=//input[@value="Search"]'.</msg>
<status status="PASS" starttime="20200413 20:48:54.658" endtime="20200413 20:48:54.704"></status>
</kw>
<kw name="Sleep" library="BuiltIn">
<doc>Pauses the test executed for the given time.</doc>
<arguments>
<arg>2s</arg>
</arguments>
<msg timestamp="20200413 20:48:56.713" level="INFO">Slept 2 seconds</msg>
<status status="PASS" starttime="20200413 20:48:54.704" endtime="20200413 20:48:56.713"></status>
</kw>
<status status="PASS" starttime="20200413 20:48:52.556" endtime="20200413 20:48:56.713"></status>
</kw>
<kw name="Set Log Level" library="BuiltIn">
<doc>Sets the log threshold to the specified level and returns the old level.</doc>
<arguments>
<arg>DEBUG</arg>
</arguments>
<msg timestamp="20200413 20:48:56.713" level="INFO">Log level changed from INFO to DEBUG.</msg>
<status status="PASS" starttime="20200413 20:48:56.713" endtime="20200413 20:48:56.713"></status>
</kw>
<kw name="Set Log Level" library="BuiltIn">
<doc>Sets the log threshold to the specified level and returns the old level.</doc>
<arguments>
<arg>INFO</arg>
</arguments>
<msg timestamp="20200413 20:48:56.713" level="INFO">Log level changed from DEBUG to INFO.</msg>
<status status="PASS" starttime="20200413 20:48:56.713" endtime="20200413 20:48:56.713"></status>
</kw>
<kw name="Add product to my cart" library="AddProductCart">
<kw name="Click Link" library="SeleniumLibrary">
<doc>Clicks a link identified by ``locator``.</doc>
<arguments>
<arg>${product_link_variable}</arg>
</arguments>
<msg timestamp="20200413 20:48:56.713" level="INFO">Clicking link 'css=div[class="details"]&gt;h2&gt;a'.</msg>
<status status="PASS" starttime="20200413 20:48:56.713" endtime="20200413 20:48:56.791"></status>
</kw>
<kw name="Sleep" library="BuiltIn">
<doc>Pauses the test executed for the given time.</doc>
<arguments>
<arg>2s</arg>
</arguments>
<msg timestamp="20200413 20:48:58.794" level="INFO">Slept 2 seconds</msg>
<status status="PASS" starttime="20200413 20:48:56.791" endtime="20200413 20:48:58.794"></status>
</kw>
<kw name="Click Button" library="SeleniumLibrary">
<doc>Clicks the button identified by ``locator``.</doc>
<arguments>
<arg>${addCart_button_variable}</arg>
</arguments>
<msg timestamp="20200413 20:48:58.794" level="INFO">Clicking button 'xpath=//input[@id='add-to-cart-button-4']'.</msg>
<status status="PASS" starttime="20200413 20:48:58.794" endtime="20200413 20:48:58.894"></status>
</kw>
<kw name="Sleep" library="BuiltIn">
<doc>Pauses the test executed for the given time.</doc>
<arguments>
<arg>3s</arg>
</arguments>
<msg timestamp="20200413 20:49:01.910" level="INFO">Slept 3 seconds</msg>
<status status="PASS" starttime="20200413 20:48:58.894" endtime="20200413 20:49:01.910"></status>
</kw>
<kw name="Click Link" library="SeleniumLibrary">
<doc>Clicks a link identified by ``locator``.</doc>
<arguments>
<arg>${shoppingCart_link_variable}</arg>
</arguments>
<msg timestamp="20200413 20:49:01.910" level="INFO">Clicking link 'xpath=//a[contains(.,"shopping cart")]'.</msg>
<status status="PASS" starttime="20200413 20:49:01.910" endtime="20200413 20:49:02.035"></status>
</kw>
<status status="PASS" starttime="20200413 20:48:56.713" endtime="20200413 20:49:02.035"></status>
</kw>
<kw name="Set Log Level" library="BuiltIn">
<doc>Sets the log threshold to the specified level and returns the old level.</doc>
<arguments>
<arg>TRACE</arg>
</arguments>
<msg timestamp="20200413 20:49:02.035" level="INFO">Log level changed from INFO to TRACE.</msg>
<msg timestamp="20200413 20:49:02.035" level="TRACE">Return: 'INFO'</msg>
<status status="PASS" starttime="20200413 20:49:02.035" endtime="20200413 20:49:02.035"></status>
</kw>
<kw name="Verify Page Loaded" library="AddProductCart">
<assign>
<var>${ReturnedInfo}</var>
</assign>
<msg timestamp="20200413 20:49:02.035" level="TRACE">Arguments: [  ]</msg>
<kw name="Wait Until Page Contains" library="SeleniumLibrary">
<doc>Waits until ``text`` appears on the current page.</doc>
<arguments>
<arg>$3,600.00</arg>
</arguments>
<msg timestamp="20200413 20:49:02.035" level="TRACE">Arguments: [ '$3,600.00' ]</msg>
<msg timestamp="20200413 20:49:02.035" level="DEBUG">POST http://localhost:56308/session/2B591155-48A9-4084-8A68-A1DF8CED650D/elements {"using": "xpath", "value": "//*[contains(., '$3,600.00')]", "sessionId": "2B591155-48A9-4084-8A68-A1DF8CED650D"}</msg>
<msg timestamp="20200413 20:49:02.035" level="DEBUG">Starting new HTTP connection (1): localhost:56308</msg>
<msg timestamp="20200413 20:49:02.050" level="DEBUG">http://localhost:56308 "POST /session/2B591155-48A9-4084-8A68-A1DF8CED650D/elements HTTP/1.1" 200 1353</msg>
<msg timestamp="20200413 20:49:02.050" level="DEBUG">Finished Request</msg>
<msg timestamp="20200413 20:49:02.050" level="TRACE">Return: None</msg>
<status status="PASS" starttime="20200413 20:49:02.035" endtime="20200413 20:49:02.050"></status>
</kw>
<msg timestamp="20200413 20:49:02.050" level="TRACE">Return: 'Found it!'</msg>
<msg timestamp="20200413 20:49:02.050" level="INFO">${ReturnedInfo} = Found it!</msg>
<status status="PASS" starttime="20200413 20:49:02.035" endtime="20200413 20:49:02.050"></status>
</kw>
<kw name="Log" library="BuiltIn">
<doc>Logs the given message with the given level.</doc>
<arguments>
<arg>${ReturnedInfo}</arg>
</arguments>
<msg timestamp="20200413 20:49:02.050" level="TRACE">Arguments: [ 'Found it!' ]</msg>
<msg timestamp="20200413 20:49:02.050" level="INFO">Found it!</msg>
<msg timestamp="20200413 20:49:02.050" level="TRACE">Return: None</msg>
<status status="PASS" starttime="20200413 20:49:02.050" endtime="20200413 20:49:02.050"></status>
</kw>
<msg timestamp="20200413 20:49:02.050" level="TRACE">Return: None</msg>
<status status="PASS" starttime="20200413 20:48:50.915" endtime="20200413 20:49:02.050"></status>
</kw>
<kw name="Sleep" library="BuiltIn">
<doc>Pauses the test executed for the given time.</doc>
<arguments>
<arg>3s</arg>
</arguments>
<msg timestamp="20200413 20:49:02.050" level="TRACE">Arguments: [ '3s' ]</msg>
<msg timestamp="20200413 20:49:05.063" level="INFO">Slept 3 seconds</msg>
<msg timestamp="20200413 20:49:05.063" level="TRACE">Return: None</msg>
<status status="PASS" starttime="20200413 20:49:02.050" endtime="20200413 20:49:05.063"></status>
</kw>
<kw name="Update &quot;Quantity&quot; Shopping Cart" library="ecommerceApp">
<msg timestamp="20200413 20:49:05.063" level="TRACE">Arguments: [  ]</msg>
<kw name="Update Quantity" library="AddProductCart">
<msg timestamp="20200413 20:49:05.063" level="TRACE">Arguments: [  ]</msg>
<kw name="Clear Element Text" library="SeleniumLibrary">
<doc>Clears the value of the text-input-element identified by ``locator``.</doc>
<arguments>
<arg>${Qauntity_input}</arg>
</arguments>
<msg timestamp="20200413 20:49:05.063" level="TRACE">Arguments: [ 'xpath=//input[@class="qty-input"]' ]</msg>
<msg timestamp="20200413 20:49:05.063" level="DEBUG">POST http://localhost:56308/session/2B591155-48A9-4084-8A68-A1DF8CED650D/elements {"using": "xpath", "value": "//input[@class=\"qty-input\"]", "sessionId": "2B591155-48A9-4084-8A68-A1DF8CED650D"}</msg>
<msg timestamp="20200413 20:49:05.063" level="DEBUG">Starting new HTTP connection (1): localhost:56308</msg>
<msg timestamp="20200413 20:49:05.216" level="DEBUG">http://localhost:56308 "POST /session/2B591155-48A9-4084-8A68-A1DF8CED650D/elements HTTP/1.1" 200 201</msg>
<msg timestamp="20200413 20:49:05.216" level="DEBUG">Finished Request</msg>
<msg timestamp="20200413 20:49:05.216" level="DEBUG">POST http://localhost:56308/session/2B591155-48A9-4084-8A68-A1DF8CED650D/element/425e75cd-dbd9-4603-ba0b-59bac84ef8b4/clear {"id": "425e75cd-dbd9-4603-ba0b-59bac84ef8b4", "sessionId": "2B591155-48A9-4084-8A68-A1DF8CED650D"}</msg>
<msg timestamp="20200413 20:49:05.216" level="DEBUG">Starting new HTTP connection (1): localhost:56308</msg>
<msg timestamp="20200413 20:49:05.232" level="DEBUG">http://localhost:56308 "POST /session/2B591155-48A9-4084-8A68-A1DF8CED650D/element/425e75cd-dbd9-4603-ba0b-59bac84ef8b4/clear HTTP/1.1" 200 76</msg>
<msg timestamp="20200413 20:49:05.232" level="DEBUG">Finished Request</msg>
<msg timestamp="20200413 20:49:05.232" level="TRACE">Return: None</msg>
<status status="PASS" starttime="20200413 20:49:05.063" endtime="20200413 20:49:05.232"></status>
</kw>
<kw name="Input Text" library="SeleniumLibrary">
<doc>Types the given ``text`` into the text field identified by ``locator``.</doc>
<arguments>
<arg>${Qauntity_input}</arg>
<arg>4</arg>
</arguments>
<msg timestamp="20200413 20:49:05.232" level="TRACE">Arguments: [ 'xpath=//input[@class="qty-input"]' | '4' ]</msg>
<msg timestamp="20200413 20:49:05.232" level="INFO">Typing text '4' into text field 'xpath=//input[@class="qty-input"]'.</msg>
<msg timestamp="20200413 20:49:05.232" level="DEBUG">POST http://localhost:56308/session/2B591155-48A9-4084-8A68-A1DF8CED650D/elements {"using": "xpath", "value": "//input[@class=\"qty-input\"]", "sessionId": "2B591155-48A9-4084-8A68-A1DF8CED650D"}</msg>
<msg timestamp="20200413 20:49:05.232" level="DEBUG">Starting new HTTP connection (1): localhost:56308</msg>
<msg timestamp="20200413 20:49:05.232" level="DEBUG">http://localhost:56308 "POST /session/2B591155-48A9-4084-8A68-A1DF8CED650D/elements HTTP/1.1" 200 201</msg>
<msg timestamp="20200413 20:49:05.232" level="DEBUG">Finished Request</msg>
<msg timestamp="20200413 20:49:05.232" level="DEBUG">POST http://localhost:56308/session/2B591155-48A9-4084-8A68-A1DF8CED650D/element/425e75cd-dbd9-4603-ba0b-59bac84ef8b4/clear {"id": "425e75cd-dbd9-4603-ba0b-59bac84ef8b4", "sessionId": "2B591155-48A9-4084-8A68-A1DF8CED650D"}</msg>
<msg timestamp="20200413 20:49:05.232" level="DEBUG">Starting new HTTP connection (1): localhost:56308</msg>
<msg timestamp="20200413 20:49:05.232" level="DEBUG">http://localhost:56308 "POST /session/2B591155-48A9-4084-8A68-A1DF8CED650D/element/425e75cd-dbd9-4603-ba0b-59bac84ef8b4/clear HTTP/1.1" 200 76</msg>
<msg timestamp="20200413 20:49:05.232" level="DEBUG">Finished Request</msg>
<msg timestamp="20200413 20:49:05.232" level="DEBUG">POST http://localhost:56308/session/2B591155-48A9-4084-8A68-A1DF8CED650D/element/425e75cd-dbd9-4603-ba0b-59bac84ef8b4/value {"text": "4", "value": ["4"], "id": "425e75cd-dbd9-4603-ba0b-59bac84ef8b4", "sessionId": "2B591155-48A9-4084-8A68-A1DF8CED650D"}</msg>
<msg timestamp="20200413 20:49:05.232" level="DEBUG">Starting new HTTP connection (1): localhost:56308</msg>
<msg timestamp="20200413 20:49:05.248" level="DEBUG">http://localhost:56308 "POST /session/2B591155-48A9-4084-8A68-A1DF8CED650D/element/425e75cd-dbd9-4603-ba0b-59bac84ef8b4/value HTTP/1.1" 200 76</msg>
<msg timestamp="20200413 20:49:05.248" level="DEBUG">Finished Request</msg>
<msg timestamp="20200413 20:49:05.248" level="TRACE">Return: None</msg>
<status status="PASS" starttime="20200413 20:49:05.232" endtime="20200413 20:49:05.248"></status>
</kw>
<kw name="Click Button" library="SeleniumLibrary">
<doc>Clicks the button identified by ``locator``.</doc>
<arguments>
<arg>${update_shopping_cart}</arg>
</arguments>
<msg timestamp="20200413 20:49:05.248" level="TRACE">Arguments: [ 'xpath=//input[@name="updatecart"]' ]</msg>
<msg timestamp="20200413 20:49:05.248" level="INFO">Clicking button 'xpath=//input[@name="updatecart"]'.</msg>
<msg timestamp="20200413 20:49:05.248" level="DEBUG">POST http://localhost:56308/session/2B591155-48A9-4084-8A68-A1DF8CED650D/elements {"using": "xpath", "value": "//input[@name=\"updatecart\"]", "sessionId": "2B591155-48A9-4084-8A68-A1DF8CED650D"}</msg>
<msg timestamp="20200413 20:49:05.248" level="DEBUG">Starting new HTTP connection (1): localhost:56308</msg>
<msg timestamp="20200413 20:49:05.263" level="DEBUG">http://localhost:56308 "POST /session/2B591155-48A9-4084-8A68-A1DF8CED650D/elements HTTP/1.1" 200 201</msg>
<msg timestamp="20200413 20:49:05.263" level="DEBUG">Finished Request</msg>
<msg timestamp="20200413 20:49:05.279" level="DEBUG">GET http://localhost:56308/session/2B591155-48A9-4084-8A68-A1DF8CED650D/element/ecbc6460-bc86-4841-94df-b2cee098bb66/name {"id": "ecbc6460-bc86-4841-94df-b2cee098bb66", "sessionId": "2B591155-48A9-4084-8A68-A1DF8CED650D"}</msg>
<msg timestamp="20200413 20:49:05.279" level="DEBUG">Starting new HTTP connection (1): localhost:56308</msg>
<msg timestamp="20200413 20:49:05.279" level="DEBUG">http://localhost:56308 "GET /session/2B591155-48A9-4084-8A68-A1DF8CED650D/element/ecbc6460-bc86-4841-94df-b2cee098bb66/name HTTP/1.1" 200 79</msg>
<msg timestamp="20200413 20:49:05.279" level="DEBUG">Finished Request</msg>
<msg timestamp="20200413 20:49:05.279" level="DEBUG">POST http://localhost:56308/session/2B591155-48A9-4084-8A68-A1DF8CED650D/element/ecbc6460-bc86-4841-94df-b2cee098bb66/click {"id": "ecbc6460-bc86-4841-94df-b2cee098bb66", "sessionId": "2B591155-48A9-4084-8A68-A1DF8CED650D"}</msg>
<msg timestamp="20200413 20:49:05.279" level="DEBUG">Starting new HTTP connection (1): localhost:56308</msg>
<msg timestamp="20200413 20:49:05.301" level="DEBUG">http://localhost:56308 "POST /session/2B591155-48A9-4084-8A68-A1DF8CED650D/element/ecbc6460-bc86-4841-94df-b2cee098bb66/click HTTP/1.1" 200 76</msg>
<msg timestamp="20200413 20:49:05.301" level="DEBUG">Finished Request</msg>
<msg timestamp="20200413 20:49:05.301" level="TRACE">Return: None</msg>
<status status="PASS" starttime="20200413 20:49:05.248" endtime="20200413 20:49:05.301"></status>
</kw>
<kw name="Wait Until Page Contains" library="SeleniumLibrary">
<doc>Waits until ``text`` appears on the current page.</doc>
<arguments>
<arg>$7,200.00</arg>
</arguments>
<msg timestamp="20200413 20:49:05.317" level="TRACE">Arguments: [ '$7,200.00' ]</msg>
<msg timestamp="20200413 20:49:05.317" level="DEBUG">POST http://localhost:56308/session/2B591155-48A9-4084-8A68-A1DF8CED650D/elements {"using": "xpath", "value": "//*[contains(., '$7,200.00')]", "sessionId": "2B591155-48A9-4084-8A68-A1DF8CED650D"}</msg>
<msg timestamp="20200413 20:49:05.317" level="DEBUG">Starting new HTTP connection (1): localhost:56308</msg>
<msg timestamp="20200413 20:49:05.364" level="DEBUG">http://localhost:56308 "POST /session/2B591155-48A9-4084-8A68-A1DF8CED650D/elements HTTP/1.1" 200 74</msg>
<msg timestamp="20200413 20:49:05.364" level="DEBUG">Finished Request</msg>
<msg timestamp="20200413 20:49:05.564" level="DEBUG">POST http://localhost:56308/session/2B591155-48A9-4084-8A68-A1DF8CED650D/elements {"using": "xpath", "value": "//*[contains(., '$7,200.00')]", "sessionId": "2B591155-48A9-4084-8A68-A1DF8CED650D"}</msg>
<msg timestamp="20200413 20:49:05.564" level="DEBUG">Starting new HTTP connection (1): localhost:56308</msg>
<msg timestamp="20200413 20:49:05.564" level="DEBUG">http://localhost:56308 "POST /session/2B591155-48A9-4084-8A68-A1DF8CED650D/elements HTTP/1.1" 200 74</msg>
<msg timestamp="20200413 20:49:05.564" level="DEBUG">Finished Request</msg>
<msg timestamp="20200413 20:49:05.765" level="DEBUG">POST http://localhost:56308/session/2B591155-48A9-4084-8A68-A1DF8CED650D/elements {"using": "xpath", "value": "//*[contains(., '$7,200.00')]", "sessionId": "2B591155-48A9-4084-8A68-A1DF8CED650D"}</msg>
<msg timestamp="20200413 20:49:05.765" level="DEBUG">Starting new HTTP connection (1): localhost:56308</msg>
<msg timestamp="20200413 20:49:05.765" level="DEBUG">http://localhost:56308 "POST /session/2B591155-48A9-4084-8A68-A1DF8CED650D/elements HTTP/1.1" 200 74</msg>
<msg timestamp="20200413 20:49:05.765" level="DEBUG">Finished Request</msg>
<msg timestamp="20200413 20:49:05.965" level="DEBUG">POST http://localhost:56308/session/2B591155-48A9-4084-8A68-A1DF8CED650D/elements {"using": "xpath", "value": "//*[contains(., '$7,200.00')]", "sessionId": "2B591155-48A9-4084-8A68-A1DF8CED650D"}</msg>
<msg timestamp="20200413 20:49:05.965" level="DEBUG">Starting new HTTP connection (1): localhost:56308</msg>
<msg timestamp="20200413 20:49:05.965" level="DEBUG">http://localhost:56308 "POST /session/2B591155-48A9-4084-8A68-A1DF8CED650D/elements HTTP/1.1" 200 74</msg>
<msg timestamp="20200413 20:49:05.965" level="DEBUG">Finished Request</msg>
<msg timestamp="20200413 20:49:06.166" level="DEBUG">POST http://localhost:56308/session/2B591155-48A9-4084-8A68-A1DF8CED650D/elements {"using": "xpath", "value": "//*[contains(., '$7,200.00')]", "sessionId": "2B591155-48A9-4084-8A68-A1DF8CED650D"}</msg>
<msg timestamp="20200413 20:49:06.166" level="DEBUG">Starting new HTTP connection (1): localhost:56308</msg>
<msg timestamp="20200413 20:49:06.182" level="DEBUG">http://localhost:56308 "POST /session/2B591155-48A9-4084-8A68-A1DF8CED650D/elements HTTP/1.1" 200 74</msg>
<msg timestamp="20200413 20:49:06.182" level="DEBUG">Finished Request</msg>
<msg timestamp="20200413 20:49:06.382" level="DEBUG">POST http://localhost:56308/session/2B591155-48A9-4084-8A68-A1DF8CED650D/elements {"using": "xpath", "value": "//*[contains(., '$7,200.00')]", "sessionId": "2B591155-48A9-4084-8A68-A1DF8CED650D"}</msg>
<msg timestamp="20200413 20:49:06.382" level="DEBUG">Starting new HTTP connection (1): localhost:56308</msg>
<msg timestamp="20200413 20:49:06.404" level="DEBUG">http://localhost:56308 "POST /session/2B591155-48A9-4084-8A68-A1DF8CED650D/elements HTTP/1.1" 200 74</msg>
<msg timestamp="20200413 20:49:06.404" level="DEBUG">Finished Request</msg>
<msg timestamp="20200413 20:49:06.621" level="DEBUG">POST http://localhost:56308/session/2B591155-48A9-4084-8A68-A1DF8CED650D/elements {"using": "xpath", "value": "//*[contains(., '$7,200.00')]", "sessionId": "2B591155-48A9-4084-8A68-A1DF8CED650D"}</msg>
<msg timestamp="20200413 20:49:06.621" level="DEBUG">Starting new HTTP connection (1): localhost:56308</msg>
<msg timestamp="20200413 20:49:06.667" level="DEBUG">http://localhost:56308 "POST /session/2B591155-48A9-4084-8A68-A1DF8CED650D/elements HTTP/1.1" 200 3017</msg>
<msg timestamp="20200413 20:49:06.667" level="DEBUG">Finished Request</msg>
<msg timestamp="20200413 20:49:06.667" level="TRACE">Return: None</msg>
<status status="PASS" starttime="20200413 20:49:05.301" endtime="20200413 20:49:06.667"></status>
</kw>
<msg timestamp="20200413 20:49:06.667" level="TRACE">Return: None</msg>
<status status="PASS" starttime="20200413 20:49:05.063" endtime="20200413 20:49:06.667"></status>
</kw>
<msg timestamp="20200413 20:49:06.667" level="TRACE">Return: None</msg>
<status status="PASS" starttime="20200413 20:49:05.063" endtime="20200413 20:49:06.667"></status>
</kw>
<kw name="Sleep" library="BuiltIn">
<doc>Pauses the test executed for the given time.</doc>
<arguments>
<arg>3s</arg>
</arguments>
<msg timestamp="20200413 20:49:06.667" level="TRACE">Arguments: [ '3s' ]</msg>
<msg timestamp="20200413 20:49:09.672" level="INFO">Slept 3 seconds</msg>
<msg timestamp="20200413 20:49:09.672" level="TRACE">Return: None</msg>
<status status="PASS" starttime="20200413 20:49:06.667" endtime="20200413 20:49:09.672"></status>
</kw>
<kw name="Remove From Cart" library="ecommerceApp">
<msg timestamp="20200413 20:49:09.672" level="TRACE">Arguments: [  ]</msg>
<kw name="remove" library="AddProductCart">
<msg timestamp="20200413 20:49:09.672" level="TRACE">Arguments: [  ]</msg>
<kw name="Select Checkbox" library="SeleniumLibrary">
<doc>Selects the checkbox identified by ``locator``.</doc>
<arguments>
<arg>${removeCart_checkbox}</arg>
</arguments>
<msg timestamp="20200413 20:49:09.672" level="TRACE">Arguments: [ 'css=input[name="removefromcart"]' ]</msg>
<msg timestamp="20200413 20:49:09.672" level="INFO">Selecting checkbox 'css=input[name="removefromcart"]'.</msg>
<msg timestamp="20200413 20:49:09.672" level="DEBUG">POST http://localhost:56308/session/2B591155-48A9-4084-8A68-A1DF8CED650D/elements {"using": "css selector", "value": "input[name=\"removefromcart\"]", "sessionId": "2B591155-48A9-4084-8A68-A1DF8CED650D"}</msg>
<msg timestamp="20200413 20:49:09.672" level="DEBUG">Starting new HTTP connection (1): localhost:56308</msg>
<msg timestamp="20200413 20:49:09.672" level="DEBUG">http://localhost:56308 "POST /session/2B591155-48A9-4084-8A68-A1DF8CED650D/elements HTTP/1.1" 200 201</msg>
<msg timestamp="20200413 20:49:09.672" level="DEBUG">Finished Request</msg>
<msg timestamp="20200413 20:49:09.672" level="DEBUG">GET http://localhost:56308/session/2B591155-48A9-4084-8A68-A1DF8CED650D/element/61d0ebcc-0017-46b2-a225-f48d9435d65f/name {"id": "61d0ebcc-0017-46b2-a225-f48d9435d65f", "sessionId": "2B591155-48A9-4084-8A68-A1DF8CED650D"}</msg>
<msg timestamp="20200413 20:49:09.672" level="DEBUG">Starting new HTTP connection (1): localhost:56308</msg>
<msg timestamp="20200413 20:49:09.688" level="DEBUG">http://localhost:56308 "GET /session/2B591155-48A9-4084-8A68-A1DF8CED650D/element/61d0ebcc-0017-46b2-a225-f48d9435d65f/name HTTP/1.1" 200 79</msg>
<msg timestamp="20200413 20:49:09.688" level="DEBUG">Finished Request</msg>
<msg timestamp="20200413 20:49:09.688" level="DEBUG">GET http://localhost:56308/session/2B591155-48A9-4084-8A68-A1DF8CED650D/element/61d0ebcc-0017-46b2-a225-f48d9435d65f/attribute/type {"name": "type", "id": "61d0ebcc-0017-46b2-a225-f48d9435d65f", "sessionId": "2B591155-48A9-4084-8A68-A1DF8CED650D"}</msg>
<msg timestamp="20200413 20:49:09.688" level="DEBUG">Starting new HTTP connection (1): localhost:56308</msg>
<msg timestamp="20200413 20:49:09.703" level="DEBUG">http://localhost:56308 "GET /session/2B591155-48A9-4084-8A68-A1DF8CED650D/element/61d0ebcc-0017-46b2-a225-f48d9435d65f/attribute/type HTTP/1.1" 200 82</msg>
<msg timestamp="20200413 20:49:09.703" level="DEBUG">Finished Request</msg>
<msg timestamp="20200413 20:49:09.703" level="DEBUG">GET http://localhost:56308/session/2B591155-48A9-4084-8A68-A1DF8CED650D/element/61d0ebcc-0017-46b2-a225-f48d9435d65f/selected {"id": "61d0ebcc-0017-46b2-a225-f48d9435d65f", "sessionId": "2B591155-48A9-4084-8A68-A1DF8CED650D"}</msg>
<msg timestamp="20200413 20:49:09.703" level="DEBUG">Starting new HTTP connection (1): localhost:56308</msg>
<msg timestamp="20200413 20:49:09.703" level="DEBUG">http://localhost:56308 "GET /session/2B591155-48A9-4084-8A68-A1DF8CED650D/element/61d0ebcc-0017-46b2-a225-f48d9435d65f/selected HTTP/1.1" 200 77</msg>
<msg timestamp="20200413 20:49:09.703" level="DEBUG">Finished Request</msg>
<msg timestamp="20200413 20:49:09.703" level="DEBUG">POST http://localhost:56308/session/2B591155-48A9-4084-8A68-A1DF8CED650D/element/61d0ebcc-0017-46b2-a225-f48d9435d65f/click {"id": "61d0ebcc-0017-46b2-a225-f48d9435d65f", "sessionId": "2B591155-48A9-4084-8A68-A1DF8CED650D"}</msg>
<msg timestamp="20200413 20:49:09.703" level="DEBUG">Starting new HTTP connection (1): localhost:56308</msg>
<msg timestamp="20200413 20:49:09.719" level="DEBUG">http://localhost:56308 "POST /session/2B591155-48A9-4084-8A68-A1DF8CED650D/element/61d0ebcc-0017-46b2-a225-f48d9435d65f/click HTTP/1.1" 200 76</msg>
<msg timestamp="20200413 20:49:09.719" level="DEBUG">Finished Request</msg>
<msg timestamp="20200413 20:49:09.719" level="TRACE">Return: None</msg>
<status status="PASS" starttime="20200413 20:49:09.672" endtime="20200413 20:49:09.719"></status>
</kw>
<kw name="Click Button" library="SeleniumLibrary">
<doc>Clicks the button identified by ``locator``.</doc>
<arguments>
<arg>${update_shopping_cart}</arg>
</arguments>
<msg timestamp="20200413 20:49:09.719" level="TRACE">Arguments: [ 'xpath=//input[@name="updatecart"]' ]</msg>
<msg timestamp="20200413 20:49:09.719" level="INFO">Clicking button 'xpath=//input[@name="updatecart"]'.</msg>
<msg timestamp="20200413 20:49:09.719" level="DEBUG">POST http://localhost:56308/session/2B591155-48A9-4084-8A68-A1DF8CED650D/elements {"using": "xpath", "value": "//input[@name=\"updatecart\"]", "sessionId": "2B591155-48A9-4084-8A68-A1DF8CED650D"}</msg>
<msg timestamp="20200413 20:49:09.726" level="DEBUG">Starting new HTTP connection (1): localhost:56308</msg>
<msg timestamp="20200413 20:49:09.726" level="DEBUG">http://localhost:56308 "POST /session/2B591155-48A9-4084-8A68-A1DF8CED650D/elements HTTP/1.1" 200 201</msg>
<msg timestamp="20200413 20:49:09.726" level="DEBUG">Finished Request</msg>
<msg timestamp="20200413 20:49:09.726" level="DEBUG">GET http://localhost:56308/session/2B591155-48A9-4084-8A68-A1DF8CED650D/element/f60477b5-6b35-490e-8246-dd7efb638d33/name {"id": "f60477b5-6b35-490e-8246-dd7efb638d33", "sessionId": "2B591155-48A9-4084-8A68-A1DF8CED650D"}</msg>
<msg timestamp="20200413 20:49:09.726" level="DEBUG">Starting new HTTP connection (1): localhost:56308</msg>
<msg timestamp="20200413 20:49:09.726" level="DEBUG">http://localhost:56308 "GET /session/2B591155-48A9-4084-8A68-A1DF8CED650D/element/f60477b5-6b35-490e-8246-dd7efb638d33/name HTTP/1.1" 200 79</msg>
<msg timestamp="20200413 20:49:09.726" level="DEBUG">Finished Request</msg>
<msg timestamp="20200413 20:49:09.726" level="DEBUG">POST http://localhost:56308/session/2B591155-48A9-4084-8A68-A1DF8CED650D/element/f60477b5-6b35-490e-8246-dd7efb638d33/click {"id": "f60477b5-6b35-490e-8246-dd7efb638d33", "sessionId": "2B591155-48A9-4084-8A68-A1DF8CED650D"}</msg>
<msg timestamp="20200413 20:49:09.726" level="DEBUG">Starting new HTTP connection (1): localhost:56308</msg>
<msg timestamp="20200413 20:49:09.757" level="DEBUG">http://localhost:56308 "POST /session/2B591155-48A9-4084-8A68-A1DF8CED650D/element/f60477b5-6b35-490e-8246-dd7efb638d33/click HTTP/1.1" 200 76</msg>
<msg timestamp="20200413 20:49:09.757" level="DEBUG">Finished Request</msg>
<msg timestamp="20200413 20:49:09.757" level="TRACE">Return: None</msg>
<status status="PASS" starttime="20200413 20:49:09.719" endtime="20200413 20:49:09.757"></status>
</kw>
<kw name="Wait Until Page Contains" library="SeleniumLibrary">
<doc>Waits until ``text`` appears on the current page.</doc>
<arguments>
<arg>Your Shopping Cart is empty!</arg>
</arguments>
<msg timestamp="20200413 20:49:09.757" level="TRACE">Arguments: [ 'Your Shopping Cart is empty!' ]</msg>
<msg timestamp="20200413 20:49:09.757" level="DEBUG">POST http://localhost:56308/session/2B591155-48A9-4084-8A68-A1DF8CED650D/elements {"using": "xpath", "value": "//*[contains(., 'Your Shopping Cart is empty!')]", "sessionId": "2B591155-48A9-4084-8A68-A1DF8CED650D"}</msg>
<msg timestamp="20200413 20:49:09.757" level="DEBUG">Starting new HTTP connection (1): localhost:56308</msg>
<msg timestamp="20200413 20:49:09.772" level="DEBUG">http://localhost:56308 "POST /session/2B591155-48A9-4084-8A68-A1DF8CED650D/elements HTTP/1.1" 200 74</msg>
<msg timestamp="20200413 20:49:09.772" level="DEBUG">Finished Request</msg>
<msg timestamp="20200413 20:49:09.973" level="DEBUG">POST http://localhost:56308/session/2B591155-48A9-4084-8A68-A1DF8CED650D/elements {"using": "xpath", "value": "//*[contains(., 'Your Shopping Cart is empty!')]", "sessionId": "2B591155-48A9-4084-8A68-A1DF8CED650D"}</msg>
<msg timestamp="20200413 20:49:09.973" level="DEBUG">Starting new HTTP connection (1): localhost:56308</msg>
<msg timestamp="20200413 20:49:09.973" level="DEBUG">http://localhost:56308 "POST /session/2B591155-48A9-4084-8A68-A1DF8CED650D/elements HTTP/1.1" 200 74</msg>
<msg timestamp="20200413 20:49:09.973" level="DEBUG">Finished Request</msg>
<msg timestamp="20200413 20:49:10.174" level="DEBUG">POST http://localhost:56308/session/2B591155-48A9-4084-8A68-A1DF8CED650D/elements {"using": "xpath", "value": "//*[contains(., 'Your Shopping Cart is empty!')]", "sessionId": "2B591155-48A9-4084-8A68-A1DF8CED650D"}</msg>
<msg timestamp="20200413 20:49:10.174" level="DEBUG">Starting new HTTP connection (1): localhost:56308</msg>
<msg timestamp="20200413 20:49:10.174" level="DEBUG">http://localhost:56308 "POST /session/2B591155-48A9-4084-8A68-A1DF8CED650D/elements HTTP/1.1" 200 74</msg>
<msg timestamp="20200413 20:49:10.174" level="DEBUG">Finished Request</msg>
<msg timestamp="20200413 20:49:10.374" level="DEBUG">POST http://localhost:56308/session/2B591155-48A9-4084-8A68-A1DF8CED650D/elements {"using": "xpath", "value": "//*[contains(., 'Your Shopping Cart is empty!')]", "sessionId": "2B591155-48A9-4084-8A68-A1DF8CED650D"}</msg>
<msg timestamp="20200413 20:49:10.374" level="DEBUG">Starting new HTTP connection (1): localhost:56308</msg>
<msg timestamp="20200413 20:49:10.374" level="DEBUG">http://localhost:56308 "POST /session/2B591155-48A9-4084-8A68-A1DF8CED650D/elements HTTP/1.1" 200 74</msg>
<msg timestamp="20200413 20:49:10.374" level="DEBUG">Finished Request</msg>
<msg timestamp="20200413 20:49:10.575" level="DEBUG">POST http://localhost:56308/session/2B591155-48A9-4084-8A68-A1DF8CED650D/elements {"using": "xpath", "value": "//*[contains(., 'Your Shopping Cart is empty!')]", "sessionId": "2B591155-48A9-4084-8A68-A1DF8CED650D"}</msg>
<msg timestamp="20200413 20:49:10.575" level="DEBUG">Starting new HTTP connection (1): localhost:56308</msg>
<msg timestamp="20200413 20:49:10.640" level="DEBUG">http://localhost:56308 "POST /session/2B591155-48A9-4084-8A68-A1DF8CED650D/elements HTTP/1.1" 200 1353</msg>
<msg timestamp="20200413 20:49:10.640" level="DEBUG">Finished Request</msg>
<msg timestamp="20200413 20:49:10.640" level="TRACE">Return: None</msg>
<status status="PASS" starttime="20200413 20:49:09.757" endtime="20200413 20:49:10.640"></status>
</kw>
<msg timestamp="20200413 20:49:10.644" level="TRACE">Return: None</msg>
<status status="PASS" starttime="20200413 20:49:09.672" endtime="20200413 20:49:10.644"></status>
</kw>
<msg timestamp="20200413 20:49:10.644" level="TRACE">Return: None</msg>
<status status="PASS" starttime="20200413 20:49:09.672" endtime="20200413 20:49:10.644"></status>
</kw>
<kw name="End Web Test" library="Common" type="teardown">
<msg timestamp="20200413 20:49:10.644" level="TRACE">Arguments: [  ]</msg>
<kw name="Close Browser" library="SeleniumLibrary">
<doc>Closes the current browser.</doc>
<msg timestamp="20200413 20:49:10.644" level="TRACE">Arguments: [  ]</msg>
<msg timestamp="20200413 20:49:10.644" level="DEBUG">Closing browser with session id 2B591155-48A9-4084-8A68-A1DF8CED650D.</msg>
<msg timestamp="20200413 20:49:10.644" level="DEBUG">DELETE http://localhost:56308/session/2B591155-48A9-4084-8A68-A1DF8CED650D {"sessionId": "2B591155-48A9-4084-8A68-A1DF8CED650D"}</msg>
<msg timestamp="20200413 20:49:10.648" level="DEBUG">Starting new HTTP connection (1): localhost:56308</msg>
<msg timestamp="20200413 20:49:11.600" level="DEBUG">http://localhost:56308 "DELETE /session/2B591155-48A9-4084-8A68-A1DF8CED650D HTTP/1.1" 200 76</msg>
<msg timestamp="20200413 20:49:11.616" level="DEBUG">Finished Request</msg>
<msg timestamp="20200413 20:49:13.623" level="TRACE">Return: None</msg>
<status status="PASS" starttime="20200413 20:49:10.644" endtime="20200413 20:49:13.623"></status>
</kw>
<msg timestamp="20200413 20:49:13.623" level="TRACE">Return: None</msg>
<status status="PASS" starttime="20200413 20:49:10.644" endtime="20200413 20:49:13.623"></status>
</kw>
<tags>
<tag>Add Cart To Product</tag>
</tags>
<status status="PASS" starttime="20200413 20:48:48.603" endtime="20200413 20:49:13.623" critical="yes"></status>
</test>
<doc>user can products to your cart</doc>
<status status="PASS" starttime="20200413 20:48:48.259" endtime="20200413 20:49:13.623"></status>
</suite>
<statistics>
<total>
<stat pass="1" fail="0">Critical Tests</stat>
<stat pass="1" fail="0">All Tests</stat>
</total>
<tag>
<stat pass="1" fail="0">Add Cart To Product</stat>
</tag>
<suite>
<stat pass="1" fail="0" id="s1" name="Add Prdoucts toCart">Add Prdoucts toCart</stat>
</suite>
</statistics>
<errors>
</errors>
</robot>
