<?xml version="1.0" encoding="UTF-8"?>
<robot generator="Robot 3.1.2 (Python 3.8.2 on win32)" generated="20200413 22:32:53.665" rpa="false">
<suite id="s1" name="addToWishlist" source="C:\development\robot-scripts\ecommerce\tests\04__addToWishlist.robot">
<test id="s1-t1" name="User Can Add Products To My Wishlist">
<kw name="Begin Web Test" library="Common" type="setup">
<kw name="Open Browser" library="SeleniumLibrary">
<doc>Opens a new browser instance to the optional ``url``.</doc>
<arguments>
<arg>about:blank</arg>
<arg>${browser}</arg>
</arguments>
<msg timestamp="20200413 22:32:54.025" level="INFO">Opening browser 'ff' to base url 'about:blank'.</msg>
<msg timestamp="20200413 22:32:54.025" level="INFO">Firefox driver log is always forced to to: C:\development\robot-scripts\ecommerce\results\AddToWishlist\geckodriver-2.log</msg>
<status status="PASS" starttime="20200413 22:32:54.025" endtime="20200413 22:33:03.899"></status>
</kw>
<kw name="Maximize Browser Window" library="SeleniumLibrary">
<doc>Maximizes current browser window.</doc>
<status status="PASS" starttime="20200413 22:33:03.899" endtime="20200413 22:33:03.899"></status>
</kw>
<status status="PASS" starttime="20200413 22:32:54.009" endtime="20200413 22:33:03.899"></status>
</kw>
<kw name="Typing &quot;Search Product&quot;" library="ecommerceApp">
<kw name="Load" library="Common">
<kw name="Go To" library="SeleniumLibrary">
<doc>Navigates the current browser window to the provided ``url``.</doc>
<arguments>
<arg>${url}</arg>
</arguments>
<msg timestamp="20200413 22:33:03.899" level="INFO">Opening url 'https://demo.nopcommerce.com/'</msg>
<status status="PASS" starttime="20200413 22:33:03.899" endtime="20200413 22:33:08.024"></status>
</kw>
<status status="PASS" starttime="20200413 22:33:03.899" endtime="20200413 22:33:08.024"></status>
</kw>
<kw name="Enter &quot;First Product Name&quot;" library="HomePage">
<kw name="Input Text" library="SeleniumLibrary">
<doc>Types the given ``text`` into the text field identified by ``locator``.</doc>
<arguments>
<arg>${search_text_variable}</arg>
<arg>${first_product_name}</arg>
</arguments>
<msg timestamp="20200413 22:33:08.024" level="INFO">Typing text 'Apple MacBook Pro 13-inch' into text field 'id=small-searchterms'.</msg>
<status status="PASS" starttime="20200413 22:33:08.024" endtime="20200413 22:33:08.118"></status>
</kw>
<kw name="Sleep" library="BuiltIn">
<doc>Pauses the test executed for the given time.</doc>
<arguments>
<arg>2s</arg>
</arguments>
<msg timestamp="20200413 22:33:10.130" level="INFO">Slept 2 seconds</msg>
<status status="PASS" starttime="20200413 22:33:08.118" endtime="20200413 22:33:10.130"></status>
</kw>
<kw name="Click Button" library="SeleniumLibrary">
<doc>Clicks the button identified by ``locator``.</doc>
<arguments>
<arg>${search_button_variable}</arg>
</arguments>
<msg timestamp="20200413 22:33:10.130" level="INFO">Clicking button 'xpath=//input[@value="Search"]'.</msg>
<status status="PASS" starttime="20200413 22:33:10.130" endtime="20200413 22:33:12.224"></status>
</kw>
<kw name="Sleep" library="BuiltIn">
<doc>Pauses the test executed for the given time.</doc>
<arguments>
<arg>2s</arg>
</arguments>
<msg timestamp="20200413 22:33:14.239" level="INFO">Slept 2 seconds</msg>
<status status="PASS" starttime="20200413 22:33:12.224" endtime="20200413 22:33:14.239"></status>
</kw>
<status status="PASS" starttime="20200413 22:33:08.024" endtime="20200413 22:33:14.239"></status>
</kw>
<status status="PASS" starttime="20200413 22:33:03.899" endtime="20200413 22:33:14.239"></status>
</kw>
<kw name="View My &quot;Wishlist&quot;" library="ecommerceApp">
<kw name="Add Product to My Wishlist" library="AddToWishlistPO">
<kw name="Click Link" library="SeleniumLibrary">
<doc>Clicks a link identified by ``locator``.</doc>
<arguments>
<arg>${product_link_variable}</arg>
</arguments>
<msg timestamp="20200413 22:33:14.239" level="INFO">Clicking link 'css=div[class="details"]&gt;h2&gt;a'.</msg>
<status status="PASS" starttime="20200413 22:33:14.239" endtime="20200413 22:33:17.739"></status>
</kw>
<kw name="Sleep" library="BuiltIn">
<doc>Pauses the test executed for the given time.</doc>
<arguments>
<arg>2s</arg>
</arguments>
<msg timestamp="20200413 22:33:19.754" level="INFO">Slept 2 seconds</msg>
<status status="PASS" starttime="20200413 22:33:17.739" endtime="20200413 22:33:19.754"></status>
</kw>
<kw name="Click Button" library="SeleniumLibrary">
<doc>Clicks the button identified by ``locator``.</doc>
<arguments>
<arg>${add_to_wishlist_button}</arg>
</arguments>
<msg timestamp="20200413 22:33:19.754" level="INFO">Clicking button 'id=add-to-wishlist-button-4'.</msg>
<status status="PASS" starttime="20200413 22:33:19.754" endtime="20200413 22:33:20.098"></status>
</kw>
<kw name="Sleep" library="BuiltIn">
<doc>Pauses the test executed for the given time.</doc>
<arguments>
<arg>4s</arg>
</arguments>
<msg timestamp="20200413 22:33:24.098" level="INFO">Slept 4 seconds</msg>
<status status="PASS" starttime="20200413 22:33:20.098" endtime="20200413 22:33:24.098"></status>
</kw>
<kw name="Click Link" library="SeleniumLibrary">
<doc>Clicks a link identified by ``locator``.</doc>
<arguments>
<arg>${navigate_to_wishlist}</arg>
</arguments>
<msg timestamp="20200413 22:33:24.098" level="INFO">Clicking link 'xpath=//div[@class="bar-notification success"]//a'.</msg>
<status status="PASS" starttime="20200413 22:33:24.098" endtime="20200413 22:33:25.739"></status>
</kw>
<kw name="Sleep" library="BuiltIn">
<doc>Pauses the test executed for the given time.</doc>
<arguments>
<arg>2s</arg>
</arguments>
<msg timestamp="20200413 22:33:27.770" level="INFO">Slept 2 seconds</msg>
<status status="PASS" starttime="20200413 22:33:25.754" endtime="20200413 22:33:27.770"></status>
</kw>
<kw name="Wait Until Page Contains" library="SeleniumLibrary">
<doc>Waits until ``text`` appears on the current page.</doc>
<arguments>
<arg>${first_product_name}</arg>
</arguments>
<status status="PASS" starttime="20200413 22:33:27.770" endtime="20200413 22:33:27.801"></status>
</kw>
<status status="PASS" starttime="20200413 22:33:14.239" endtime="20200413 22:33:27.801"></status>
</kw>
<status status="PASS" starttime="20200413 22:33:14.239" endtime="20200413 22:33:27.801"></status>
</kw>
<kw name="Update Quantity &quot;My Wishlist&quot;" library="ecommerceApp">
<kw name="Update Quantity" library="AddToWishlistPO">
<kw name="Clear Element Text" library="SeleniumLibrary">
<doc>Clears the value of the text-input-element identified by ``locator``.</doc>
<arguments>
<arg>${Qauntity_input}</arg>
</arguments>
<status status="PASS" starttime="20200413 22:33:27.817" endtime="20200413 22:33:27.832"></status>
</kw>
<kw name="Input Text" library="SeleniumLibrary">
<doc>Types the given ``text`` into the text field identified by ``locator``.</doc>
<arguments>
<arg>${Qauntity_input}</arg>
<arg>4</arg>
</arguments>
<msg timestamp="20200413 22:33:27.832" level="INFO">Typing text '4' into text field 'xpath=//input[@class="qty-input"]'.</msg>
<status status="PASS" starttime="20200413 22:33:27.832" endtime="20200413 22:33:27.864"></status>
</kw>
<kw name="Click Button" library="SeleniumLibrary">
<doc>Clicks the button identified by ``locator``.</doc>
<arguments>
<arg>${update_wishlist}</arg>
</arguments>
<msg timestamp="20200413 22:33:27.864" level="INFO">Clicking button 'xpath=//input[@name="updatecart"]'.</msg>
<status status="PASS" starttime="20200413 22:33:27.864" endtime="20200413 22:33:28.629"></status>
</kw>
<kw name="Wait Until Page Contains" library="SeleniumLibrary">
<doc>Waits until ``text`` appears on the current page.</doc>
<arguments>
<arg>$7,200.00</arg>
</arguments>
<status status="PASS" starttime="20200413 22:33:28.629" endtime="20200413 22:33:28.676"></status>
</kw>
<kw name="Sleep" library="BuiltIn">
<doc>Pauses the test executed for the given time.</doc>
<arguments>
<arg>2s</arg>
</arguments>
<msg timestamp="20200413 22:33:30.692" level="INFO">Slept 2 seconds</msg>
<status status="PASS" starttime="20200413 22:33:28.676" endtime="20200413 22:33:30.692"></status>
</kw>
<status status="PASS" starttime="20200413 22:33:27.817" endtime="20200413 22:33:30.692"></status>
</kw>
<status status="PASS" starttime="20200413 22:33:27.801" endtime="20200413 22:33:30.692"></status>
</kw>
<kw name="Remove From &quot;Wishlist&quot;" library="ecommerceApp">
<kw name="Remove Wishlist" library="AddToWishlistPO">
<kw name="Select Checkbox" library="SeleniumLibrary">
<doc>Selects the checkbox identified by ``locator``.</doc>
<arguments>
<arg>${remove_wishlist}</arg>
</arguments>
<msg timestamp="20200413 22:33:30.692" level="INFO">Selecting checkbox 'xpath=//input[@name="removefromcart"]'.</msg>
<status status="PASS" starttime="20200413 22:33:30.692" endtime="20200413 22:33:30.988"></status>
</kw>
<kw name="Sleep" library="BuiltIn">
<doc>Pauses the test executed for the given time.</doc>
<arguments>
<arg>2s</arg>
</arguments>
<msg timestamp="20200413 22:33:33.004" level="INFO">Slept 2 seconds</msg>
<status status="PASS" starttime="20200413 22:33:30.988" endtime="20200413 22:33:33.004"></status>
</kw>
<kw name="Click Button" library="SeleniumLibrary">
<doc>Clicks the button identified by ``locator``.</doc>
<arguments>
<arg>${update_wishlist}</arg>
</arguments>
<msg timestamp="20200413 22:33:33.004" level="INFO">Clicking button 'xpath=//input[@name="updatecart"]'.</msg>
<status status="PASS" starttime="20200413 22:33:33.004" endtime="20200413 22:33:34.504"></status>
</kw>
<kw name="Sleep" library="BuiltIn">
<doc>Pauses the test executed for the given time.</doc>
<arguments>
<arg>2s</arg>
</arguments>
<msg timestamp="20200413 22:33:36.519" level="INFO">Slept 2 seconds</msg>
<status status="PASS" starttime="20200413 22:33:34.504" endtime="20200413 22:33:36.519"></status>
</kw>
<kw name="Wait Until Page Contains" library="SeleniumLibrary">
<doc>Waits until ``text`` appears on the current page.</doc>
<arguments>
<arg>The wishlist is empty!</arg>
</arguments>
<status status="PASS" starttime="20200413 22:33:36.519" endtime="20200413 22:33:36.551"></status>
</kw>
<status status="PASS" starttime="20200413 22:33:30.692" endtime="20200413 22:33:36.551"></status>
</kw>
<status status="PASS" starttime="20200413 22:33:30.692" endtime="20200413 22:33:36.551"></status>
</kw>
<kw name="End Web Test" library="Common" type="teardown">
<kw name="Close Browser" library="SeleniumLibrary">
<doc>Closes the current browser.</doc>
<status status="PASS" starttime="20200413 22:33:36.551" endtime="20200413 22:33:42.534"></status>
</kw>
<status status="PASS" starttime="20200413 22:33:36.551" endtime="20200413 22:33:42.534"></status>
</kw>
<tags>
<tag>Add To Wishlist</tag>
</tags>
<status status="PASS" starttime="20200413 22:32:54.009" endtime="20200413 22:33:42.534" critical="yes"></status>
</test>
<doc>user can add products my wishlist</doc>
<status status="PASS" starttime="20200413 22:32:53.681" endtime="20200413 22:33:42.534"></status>
</suite>
<statistics>
<total>
<stat pass="1" fail="0">Critical Tests</stat>
<stat pass="1" fail="0">All Tests</stat>
</total>
<tag>
<stat pass="1" fail="0">Add To Wishlist</stat>
</tag>
<suite>
<stat pass="1" fail="0" id="s1" name="addToWishlist">addToWishlist</stat>
</suite>
</statistics>
<errors>
</errors>
</robot>
